<?xml version="1.0" encoding="UTF-8"?>
<testng-results skipped="0" failed="1" ignored="0" total="1" passed="0">
  <reporter-output>
    <line>
      <![CDATA[Launch Browserhttp://book.theautomatedtester.co.uk/]]>
    </line>
    <line>
      <![CDATA[Close Browser]]>
    </line>
  </reporter-output>
  <suite name="Default suite" duration-ms="3893" started-at="2020-09-12T17:22:37Z" finished-at="2020-09-12T17:22:41Z">
    <groups>
    </groups>
    <test name="Default test" duration-ms="3893" started-at="2020-09-12T17:22:37Z" finished-at="2020-09-12T17:22:41Z">
      <class name="com.auotomatedtester.qa.TC001_Chapter1_ValidateDropdownPOM">
        <test-method status="PASS" signature="beforeTest()[pri:0, instance:com.auotomatedtester.qa.TC001_Chapter1_ValidateDropdownPOM@12d3a4e9]" name="beforeTest" is-config="true" duration-ms="3760" started-at="2020-09-12T17:22:37Z" finished-at="2020-09-12T17:22:41Z">
          <reporter-output>
          </reporter-output>
        </test-method> <!-- beforeTest -->
        <test-method status="FAIL" signature="TC001()[pri:0, instance:com.auotomatedtester.qa.TC001_Chapter1_ValidateDropdownPOM@12d3a4e9]" name="TC001" duration-ms="5" started-at="2020-09-12T17:22:41Z" finished-at="2020-09-12T17:22:41Z">
          <exception class="java.lang.NullPointerException">
            <full-stacktrace>
              <![CDATA[java.lang.NullPointerException
at com.project.base.Base.launchBrowser(Base.java:43)
at com.auotomatedtester.qa.TC001_Chapter1_ValidateDropdownPOM.TC001(TC001_Chapter1_ValidateDropdownPOM.java:32)
at sun.reflect.NativeMethodAccessorImpl.invoke0(Native Method)
at sun.reflect.NativeMethodAccessorImpl.invoke(Unknown Source)
at sun.reflect.DelegatingMethodAccessorImpl.invoke(Unknown Source)
at java.lang.reflect.Method.invoke(Unknown Source)
at org.testng.internal.MethodInvocationHelper.invokeMethod(MethodInvocationHelper.java:124)
at org.testng.internal.Invoker.invokeMethod(Invoker.java:583)
at org.testng.internal.Invoker.invokeTestMethod(Invoker.java:719)
at org.testng.internal.Invoker.invokeTestMethods(Invoker.java:989)
at org.testng.internal.TestMethodWorker.invokeTestMethods(TestMethodWorker.java:125)
at org.testng.internal.TestMethodWorker.run(TestMethodWorker.java:109)
at org.testng.TestRunner.privateRun(TestRunner.java:648)
at org.testng.TestRunner.run(TestRunner.java:505)
at org.testng.SuiteRunner.runTest(SuiteRunner.java:455)
at org.testng.SuiteRunner.runSequentially(SuiteRunner.java:450)
at org.testng.SuiteRunner.privateRun(SuiteRunner.java:415)
at org.testng.SuiteRunner.run(SuiteRunner.java:364)
at org.testng.SuiteRunnerWorker.runSuite(SuiteRunnerWorker.java:52)
at org.testng.SuiteRunnerWorker.run(SuiteRunnerWorker.java:84)
at org.testng.TestNG.runSuitesSequentially(TestNG.java:1208)
at org.testng.TestNG.runSuitesLocally(TestNG.java:1137)
at org.testng.TestNG.runSuites(TestNG.java:1049)
at org.testng.TestNG.run(TestNG.java:1017)
at org.testng.remote.AbstractRemoteTestNG.run(AbstractRemoteTestNG.java:115)
at org.testng.remote.RemoteTestNG.initAndRun(RemoteTestNG.java:251)
at org.testng.remote.RemoteTestNG.main(RemoteTestNG.java:77)
]]>
            </full-stacktrace>
          </exception> <!-- java.lang.NullPointerException -->
          <reporter-output>
            <line>
              <![CDATA[Launch Browserhttp://book.theautomatedtester.co.uk/]]>
            </line>
          </reporter-output>
        </test-method> <!-- TC001 -->
        <test-method status="PASS" signature="afterTest()[pri:0, instance:com.auotomatedtester.qa.TC001_Chapter1_ValidateDropdownPOM@12d3a4e9]" name="afterTest" is-config="true" duration-ms="104" started-at="2020-09-12T17:22:41Z" finished-at="2020-09-12T17:22:41Z">
          <reporter-output>
            <line>
              <![CDATA[Close Browser]]>
            </line>
          </reporter-output>
        </test-method> <!-- afterTest -->
      </class> <!-- com.auotomatedtester.qa.TC001_Chapter1_ValidateDropdownPOM -->
    </test> <!-- Default test -->
  </suite> <!-- Default suite -->
</testng-results>
